0
2
0
0
0
0
0
0
14
0
10
0
1
0
0
0
0
0
0
0
0
0
0
6
0
0
0
1
0
0
5
43
0
0
28
0
0
0
0
1
0
0
0
0
0
0
0
0
0
0
3
2
0
15
0
0
0
4
0
4
0
0
0
0
0
0
0
0
0
0
0
8
0
5
3
4
0
0
6
0
0
0
0
0
0
0
0
0
0
0
0
0
1
0
0
14
0
0
0
0
0
0
0
0
0
0
0
0
23
0
0
0
0
43
0
0
0
0
0
14
0
0
0
0
0
10
16
0
38
0
0
6
0
0
0
9
0
0
0
0
0
0
7
0
0
0
12
0
0
0
0
0
0
0
0
0
0
0
0
0
1
0
0
38
31
21
0
0
1
0
0
0
0
0
3
4
0
0
4
7
0
0
0
0
0
0
0
0
1
0
31
1
0
0
0
0
0
0
0
0
0
0
0
0
0
0
0
0
0
0
0
0
0
9
0
0
0
0
0
0
0
45
0
0
0
0
0
0
0
0
0
1
0
0
0
0
31
2
12
26
0
45
24
0
1
0
0
0
0
0
50
4
0
42
10
0
0
0
0
0
1
0
35
0
0
5
1
0
0
0
8
0
45
0
0
0
0
0
0
0
0
5
0
0
0
0
0
2
1
0
1
0
0
0
35
0
0
0
0
1
0
0
0
0
0
0
5
0
0
0
1
0
0
0
0
0
0
9
31
0
0
24
0
0
0
10
0
0
0
0
0
1
2
0
9
29
24
0
0
0
0
1
0
0
0
0
0
0
0
0
0
2
3
0
0
24
0
3
0
0
0
0
0
1
4
0
41
0
1
0
0
0
0
2
4
0
2
0
0
0
0
0
0
3
14
0
0
0
0
0
4
0
0
0
0
0
0
0
0
0
0
0
0
16
0
0
1
0
0
0
0
0
0
0
0
0
0
0
0
0
42
0
0
6
0
4
3
0
0
0
1
0
0
0
0
0
0
5
0
0
0
0
12
1
0
0
0
29
0
0
0
0
0
18
30
0
0
1
0
0
0
0
5
3
10
0
35
0
0
8
0
0
0
0
0
0
0
0
0
0
0
0
0
0
0
0
0
0
0
0
0
0
0
0
0
0
0
0
0
0
