4
0
1
32
2
6
13272
0
1168
98
0
52
448
6
280
0
1504
332
4
4
2
8
984
72
1
432
12
364
2
0
0
8
672
6
288
6
16
224
24
208
1110
200
3
0
1
376
2
516
24
2
8
1
40
136
76
2
624
2
16
32
12
0
14
1
0
4
4
24
2
4
2
10320
4
12
2464
120
96
1
30
72
1152
38
0
1
68
144
14
20
4
8
1
5
1
16
128
6
18
640
27
800
468
5120
10
6
112
12
384
1
0
1416
117
0
0
0
12
536
2
4
28
0
1
216
0
36
1
12
110
20
2
2
72
8
0
8
68
16
3
1
56
1
6
512
1
2544
10
4
96
18
112
24
15
8
44
3
128
10
20
0
5
8
40
0
1
24
29
0
0
3
12
2
40
0
50
19
1488
5
0
32
76
320
1
1
1440
162
1
8
3
3
2
7
3
7
1
2
76
8
18
1
6
78295558581566308942423739424373289917667914301888212091250987856580776585211293795957046652872231786765328443701559121936384
