8599 13216
10491 14837
1253 1937
820 517
9695 14392
8982 11752
10459 13966
7386 9453
7065 9038
4439 6287
4963 5033
10509 13825
5488 7321
3280 5813
1579 1856
973 622
3385 5142
6954 8986
4956 8249
2546 3296
3360 5772
3139 3366
12774 18732
8545 10748
9566 14625
7299 8897
10789 12472
2878 2930
1448 528
10718 13392
6575 8728
4822 6827
10296 13917
11686 14219
11658 12967
11497 14748
11509 13940
3720 3223
1746 2676
1513 1533
3968 6208
8258 12290
12316 15336
13577 17806
9124 15056
8848 12091
9690 12907
14437 14985
4438 4525
10644 18343
4029 6024
13888 18081
12853 17760
7396 10483
13415 17095
13790 16277
2399 1828
8919 11614
12823 15375
9695 13625
611 849
8348 10897
7756 12979
10737 15639
12050 14526
8619 9977
3832 5824
10445 10930
2575 2397
11133 14690
3819 3937
8379 12807
6593 5956
2762 2400
4482 3648
11128 16217
538 601
3464 6166
5218 7393
3652 5483
2451 2170
6902 8929
5466 6698
10268 14989
9057 10605
2595 3788
3624 3481
15060 18028
10886 14322
4118 3863
7165 10756
8267 9724
4209 4562
10488 17396
4843 4097
222272 336572
250891 365060
241108 356662
243413 357693
217753 320938
