49.02
100.00
43.13
18.18
100.00
5.88
48.08
33.33
100.00
100.00
3.92
16.67
16.67
1.96
0.01
0.13
0.05
0.35
0.01
1.83
11.58
0.97
9.49
100.00
0.37
0.02
0.25
94.51
63.57
0.28
5.18
0.83
66.47
0.01
1.60
6.93
39.64
10.45
100.00
1.66
0.27
0.01
8.61
0.16
8.86
0.01
0.18
0.39
0.02
9.37
17.88
100.00
100.00
0.40
0.06
2.29
25.93
87.28
81.34
0.01
0.74
0.53
36.63
0.01
2.29
0.02
0.39
0.22
16.58
45.84
0.06
6.88
0.02
0.04
0.08
52.48
2.81
0.03
100.00
0.07
0.11
0.02
100.00
0.07
4.38
0.65
7.44
0.06
0.04
1.47
0.93
72.47
0.03
0.02
0.84
0.08
0.20
3.48
0.10
3.52
0.04
2.47
0.02
11.01
22.06
0.02
2.10
62.05
1.69
0.08
0.82
0.02
35.34
0.27
0.06
0.02
3.37
0.06
14.83
100.00
0.17
0.02
1.04
