99.96
100.00
99.98
99.90
100.00
99.67
99.96
99.96
100.00
100.00
99.50
99.90
99.90
99.01
0.00
0.00
0.00
0.00
0.00
99.01
99.90
0.00
99.88
100.00
0.00
0.00
0.00
99.98
99.97
0.00
99.75
0.00
99.97
0.00
99.01
99.80
99.97
99.83
100.00
99.01
0.00
0.00
99.80
0.00
99.75
0.00
0.00
0.00
0.00
99.75
99.89
100.00
100.00
0.00
0.00
99.01
99.92
99.98
99.98
0.00
0.00
0.00
99.94
0.00
99.01
0.00
0.00
0.00
99.92
99.95
0.00
99.75
0.00
0.00
0.00
99.96
99.01
0.00
100.00
0.00
0.00
0.00
100.00
0.00
99.50
0.00
99.83
0.00
0.00
0.00
0.00
99.97
0.00
0.00
0.00
0.00
0.00
99.50
0.00
99.01
0.00
99.01
0.00
99.80
99.91
0.00
99.01
99.97
99.01
0.00
0.00
0.00
99.97
0.00
0.00
0.00
99.67
0.00
99.89
100.00
0.00
0.00
0.00
